* POSTG OUTPUT
Damping Type  BJ-Damping
a1            0.000000
a2(ang)       0.000000
a_hf          b3lyp
weight file   postg_mbis_weights.dat
file          orca.wfx
filetype      wfx
natoms             3
use ECPs?         F
# n  At           x               y               z         nr    nl
   1 O       29.8423891      29.1739636      30.1820667     60    194
   2 H       29.2303350      30.8776384      29.9591468     40    194
   3 H       29.5019369      28.5230590      28.4334475     40    194
#
wfn type      closed-shell
MOs                5
primitives        89
charge          0.00
multiplicity       1
mesh size          27160
nelec            10.000000
nelec (promol)************
nelec, alpha      5.000059
nelec, beta       5.000059
nelec, total     10.000119
moments and volumes 
# i At        <M1^2>             <M2^2>              <M3^2>           Volume              Vfree
  1 O    6.4291878706E+00   5.5613596185E+01   5.4696781273E+02   2.7774292390E+01   2.2954305454E+01
  2 H    7.1388001856E-01   3.0621180895E+00   2.3420604202E+01   1.6595269000E+00   8.3489695346E+00
  3 H    7.7681399532E-01   3.5204186535E+00   2.8596484963E+01   1.8437556174E+00   8.3489695346E+00
#
atomic polarizabilities (bohr^3)
# i At        alpha
  1 O    6.5486204764E+00
  2 H    8.9442435842E-01
  3 H    9.9371690524E-01
#
hirshfeld charges 
# i At        Charge
  1 O   -7.9875051794E-01
  2 H    4.0461513350E-01
  3 H    3.9401645935E-01
#
coefficients and distances (a.u.)
# i  j       dij            C6               C8               C10              Rc           Rvdw
  1   1  0.000000E+00  2.105115567E+01  5.462885021E+02  1.377945636E+04  5.058204E+00  0.000000E+00
  1   2  1.823955E+00  2.578600571E+00  5.004899698E+01  1.009789031E+03  4.448619E+00  0.000000E+00
  1   3  1.896643E+00  2.832048538E+00  5.599827667E+01  1.156672599E+03  4.495673E+00  0.000000E+00
  2   2  0.000000E+00  3.192558388E-01  4.108249511E+00  6.656662258E+01  3.804169E+00  0.000000E+00
  2   3  2.818789E+00  3.510110849E-01  4.644545228E+00  7.753266991E+01  3.859485E+00  0.000000E+00
  3   3  0.000000E+00  3.859665997E-01  5.247449294E+00  9.012666920E+01  3.913542E+00  0.000000E+00
#
dispersion energy  -5.276362287585E+00
scf energy  -7.642073582869E+01
total energy (SCF+XDM)  -8.169709811627E+01
dispersion forces 
# i          Fx                   Fy                   Fz
  1  -7.342580435438E+00   1.055398300911E+01  -1.271974976383E+01
  2   5.238773383217E+00  -1.458996177128E+01   1.900274816711E+00
  3   2.103807052221E+00   4.035978762175E+00   1.081947494712E+01
#
dispersion force constant matrix 
# i  xyz   j   xyz    Exixj 
  1   1   1   1   1.126010697740E+00
  1   2   1   1   2.695706968604E+01
  1   2   1   2  -8.121013816707E+01
  1   3   1   1  -1.607619201716E+01
  1   3   1   2  -1.143732651755E+01
  1   3   1   3  -4.821651524483E+01
  2   1   1   1   2.727477703816E+00
  2   1   1   2  -3.141133222404E+01
  2   1   1   3   4.110063761356E+00
  2   1   2   1  -2.723186157192E+00
  2   2   1   1  -3.141133222404E+01
  2   2   1   2   7.887737507533E+01
  2   2   1   3  -1.144051162573E+01
  2   2   2   1   3.141559282967E+01
  2   2   2   2  -7.890952822809E+01
  2   3   1   1   4.110063761356E+00
  2   3   1   2  -1.144051162573E+01
  2   3   1   3  -7.060256799949E+00
  2   3   2   1  -4.107303012476E+00
  2   3   2   2   1.141657806368E+01
  2   3   2   3   7.049531555578E+00
  3   1   1   1  -3.853488401556E+00
  3   1   1   2   4.454262538002E+00
  3   1   1   3   1.196612825580E+01
  3   1   2   1  -4.291546624705E-03
  3   1   2   2  -4.260605628297E-03
  3   1   2   3  -2.760748879986E-03
  3   1   3   1   3.857779948181E+00
  3   2   1   1   4.454262538002E+00
  3   2   1   2   2.332763091744E+00
  3   2   1   3   2.287783814328E+01
  3   2   2   1  -4.260605628297E-03
  3   2   2   2   3.215315275829E-02
  3   2   2   3   2.393356204683E-02
  3   2   3   1  -4.450001932374E+00
  3   2   3   2  -2.364916244502E+00
  3   3   1   1   1.196612825580E+01
  3   3   1   2   2.287783814328E+01
  3   3   1   3   5.527677204478E+01
  3   3   2   1  -2.760748879986E-03
  3   3   2   2   2.393356204683E-02
  3   3   2   3   1.072524437041E-02
  3   3   3   1  -1.196336750692E+01
  3   3   3   2  -2.290177170532E+01
  3   3   3   3  -5.528749728915E+01
#

