* POSTG OUTPUT
a1              0.635600
a2(ang)         1.511900
a_hf        b3lyp
file          orca.wfx
filetype      wfx
natoms             3
use ECPs?         F
# n  At           x               y               z         nr    nl
   1 O       29.8423891      29.1739636      30.1820667     60    194
   2 H       29.2303350      30.8776384      29.9591468     40    194
   3 H       29.5019369      28.5230590      28.4334475     40    194
#
wfn type      closed-shell
MOs                5
primitives        89
charge          0.00
multiplicity       1
mesh size          27160
nelec            10.000000
nelec (promol)   10.000127
nelec, alpha      5.000059
nelec, beta       5.000059
nelec, total     10.000119
moments and volumes 
# i At        <M1^2>             <M2^2>              <M3^2>           Volume              Vfree
  1 O    5.0923733396E+00   3.7106386300E+01   2.9495030904E+02   2.0826176950E+01   2.2954305454E+01
  2 H    1.3460974275E+00   1.0354718636E+01   1.2952508632E+02   4.9243621684E+00   8.3489695346E+00
  3 H    1.3642669290E+00   1.0359074964E+01   1.2940187218E+02   4.9182151641E+00   8.3489695346E+00
#
atomic polarizabilities (bohr^3)
# i At        alpha
  1 O    4.9103943641E+00
  2 H    2.6540512680E+00
  3 H    2.6507382573E+00
#
hirshfeld charges 
# i At        Charge
  1 O   -3.0937961120E-01
  2 H    1.5185106963E-01
  3 H    1.5740961649E-01
#
coefficients and distances (a.u.)
# i  j       dij            C6               C8               C10              Rc           Rvdw
  1   1  0.000000E+00  1.250278067E+01  2.733104852E+02  5.684772971E+03  4.617948E+00  5.792244E+00
  1   2  1.823955E+00  4.438950293E+00  9.973693925E+01  2.413471824E+03  4.829368E+00  5.926623E+00
  1   3  1.896643E+00  4.477156066E+00  9.992879673E+01  2.408360865E+03  4.816518E+00  5.918456E+00
  2   2  0.000000E+00  1.786305792E+00  4.122293119E+01  1.131476973E+03  5.019895E+00  6.047722E+00
  2   3  2.818789E+00  1.797150063E+00  4.120562156E+01  1.127652173E+03  5.008192E+00  6.040284E+00
  3   3  0.000000E+00  1.808157271E+00  4.118879448E+01  1.123874401E+03  4.996492E+00  6.032847E+00
#
dispersion energy  -5.063647335380E-04
scf energy  -7.642073582869E+01
total energy (SCF+XDM)  -7.642124219342E+01
dispersion forces 
# i          Fx                   Fy                   Fz
  1  -1.743133647309E-07   1.564652738265E-07  -3.975882948534E-07
  2   1.982470106292E-07  -1.104771151509E-06  -4.897512428254E-07
  3  -2.393364589832E-08   9.483058776821E-07   8.873395376788E-07
#
dispersion force constant matrix 
# i  xyz   j   xyz    Exixj 
  1   1   1   1   4.836223687360E-07
  1   2   1   1  -1.694861897544E-07
  1   2   1   2   1.096226739586E-06
  1   3   1   1   1.712174137562E-07
  1   3   1   2   1.907168807883E-07
  1   3   1   3   1.116601536703E-06
  2   1   1   1  -2.503038790655E-07
  2   1   1   2   2.223883368133E-07
  2   1   1   3  -2.909874173962E-08
  2   1   2   1   6.100810679118E-07
  2   2   1   1   2.223883368133E-07
  2   2   1   2  -7.894357090741E-07
  2   2   1   3   8.099740356736E-08
  2   2   2   1  -3.426951106982E-07
  2   2   2   2   2.178302325689E-06
  2   3   1   1  -2.909874173962E-08
  2   3   1   2   8.099740356736E-08
  2   3   1   3  -1.810079325600E-07
  2   3   2   1  -4.885655857064E-08
  2   3   2   2   5.948148843161E-07
  2   3   2   3   9.648144346870E-07
  3   1   1   1  -2.333184896705E-07
  3   1   1   2  -5.290214705891E-08
  3   1   1   3  -1.421186720166E-07
  3   1   2   1  -3.597771888463E-07
  3   1   2   2   1.203067738849E-07
  3   1   2   3   7.795530031025E-08
  3   1   3   1   5.930956785168E-07
  3   2   1   1  -5.290214705891E-08
  3   2   1   2  -3.067910305120E-07
  3   2   1   3  -2.717142843557E-07
  3   2   2   1   1.203067738849E-07
  3   2   2   2  -1.388866616615E-06
  3   2   2   3  -6.758122878835E-07
  3   2   3   1  -6.740462682599E-08
  3   2   3   2   1.695657647127E-06
  3   3   1   1  -1.421186720166E-07
  3   3   1   2  -2.717142843557E-07
  3   3   1   3  -9.355936041425E-07
  3   3   2   1   7.795530031025E-08
  3   3   2   2  -6.758122878835E-07
  3   3   2   3  -7.838065021270E-07
  3   3   3   1   6.416337170638E-08
  3   3   3   2   9.475265722392E-07
  3   3   3   3   1.719400106270E-06
#

